LATEST_VERSION=v3.4.2

[v1.0 >> v1.1 >> v1.2]
[!] - добавлены права: liteauction.slots.[X] (до 250).
[!] - теперь в меню предметов игрока предметы отсортированы: сначала новые
[!] - теперь кастомные теги можно перечислять через символ ','
[!] - исправлено сообщение о покупке предмета (было: у вас купили ... [ВАШ НИК], стало: у вас купили ... [КТО КУПИЛ])

[v1.2 >> v1.3]
[!] - добавлен выбор провайдера экономики: StickEco / Vault в конфигурации

[v1.3 >> v1.4]
[!] - исправлен парсинг цветов у сообщения '&#FB2222▶️ &fВы не можете больше выставлять товары на аукцион.' (не отображались цвета при выводе сообщения)

[v1.4 >> v1.4.1 >> v1.4.2]
[!] - исправлено, что не отправлялось сообщение при истечении предмета.

[v1.4.2 >> v1.5]
[!] - исправлено, что не можно было выставить предмет за больше чем 1.000.000.000, используя /ah sell auto

[v1.5 >> v1.6]
[!] - Если закрыть меню ваших предметов (на продаже или истекших) то откроется обычный аукцион, как на HolyWorld.
[!] - СКМ или Q по предмету на аукционе выполняет поиск предметов с такими же тегами (как на HolyWorld)
[!] - SwapOffhand ('F' на клавиатуре) по предмету на аукционе - удалить предмет, используя команду в чате.
[!] - /ah admin deleteItem [ID] - удаляет предмет с указанным ID. Чтобы узнать ID предмета посмотрите ченджлог выше.
[!] - /ah admin addUnsoldItemTo [игрок] (цена) - добавляет предмет в руке отправителя указанному игроку на аукцион непроданных предметов с указанной ценой.

[v1.6 >> v1.6.1]
[!] - Добавлен change.log в корневой папке проекта где написаны все версии.

[v1.6.1 >> v1.7]
[!] - Добавлена система автоматического скачивания обновлений плагина.

[v1.7 >> v1.7.1]
[!] - Плагин теперь обновляется корректно и без ошибок.

[v1.7.1 >> v1.7.2]
[!] - Теги теперь учитывают BasePotionData.

[v1.7.2 >> v1.7.3]
[!] - Возможно исправлена ошибка с подключением к базе данных

[v1.7.3 >> v1.7.4]
[!] - исправлен парсинг цветов у сообщения '&#00D5FB▶ &#D2D7D8Нельзя продавать шалкер с предметами.' (не отображались цвета при выводе сообщения)

[v1.7.4 >> v1.7.5]
[!] - исправлено то что после покупки предмета можно было кликнуть на пустой слот и стриггерился бы предмет

[v1.7.5 >> v1.7.6]
[!] - исправлено то что после покупки предмета пишется что куплено x1
[!] - добавлены double при вводе. (1500k -> 1.5kk)
[!] - сделано /ah sell auto как на хв: сначала нужно использовать /ah sell auto, а потом /ah sell auto confirm, также теперь работает работает /ah sell auto full
[!] - /ah sell auto 'confirm' больше не отображается, если /ah sell auto не было использовано

[v1.7.6 >> v1.7.7]
[!] - исправлен TabCompleter у /ah sell [число двойной точности]
[!] - исправлено, что при снятии товара с продажи всегда пишет '[...] x1 снят с продажи'

[v1.7.7 >> v1.7.8]
[!] - исправлено, что при истечении товара всегда пишет 'x1'

[v1.7.8 >> v1.7.9]
[!] - добавлена команда команда /ah admin resellItems [игрок] - перевыставляет истекшие предметы игрока
[!] - добавлен аргумент команде /ah admin addUnsoldItemTo [игрок] [цена] '[по одному]' - теперь можено добавлять истекший предмет без поштучной продажи
[!] - для UnsoldItems добавлена переменная byOne

[v1.7.9 >> v2.0.0]
[!] - добавлен режим ставок на аукцион
[!] - полностью переписана система обновлений меню, теперь она работает через NMS и не хранит данные об открытых менюшках, что не нагружает память
[!] - добавлены ивенты после закрытий некоторых меню, как на хв
[!] - сделано много бекенд-работы, кто использует мой код тот поймет

[v2.0.0 >> v2.0.1]
[!] - тип аукциона (ставки / торги) теперь сохраняется между всеми командами (/ah, search, player)
[!] - исправлена ошибка, что в меню ставок для предмета после обновления не обновлялась текущая цена

[v2.0.1 >> v2.0.2]
[!] - добавлено unbreakable в теги

[v2.0.2 >> v2.0.3]
[!] - исправлено, что при обновлении какой то из ставок обновлялись все

[v2.0.3 >> v2.1.0]
[!] - теперь при наведении на предметы в чате показывается их данные, как на хв

[v2.1.0 >> v2.1.1]
[!] - исправлен баг, что если открыть меню ставок когда открыто меню торгов, то может открыться несуществующая страница

[v2.1.1 >> v2.2.0]
[!] - теперь данные менюшки (сортировка, категория и тип менюшки) сохраняются в бд

[v2.2.0 >> v2.2.1]
[!] - исправлено, что выбиралась дефолтная сортировка при свиче типов аукциона

[v2.2.1 >> v2.2.2]
[!] - исправлено, что /ah player не фильтровал аукцион по игроку

[v2.2.2 >> v2.2.3]
[!] - добавлена проверка при снятии предмета к непроданных предметах
[!] - после истечения предмета отправляется сообщение в redis об удалении предмета
[!] - задержка удаления истекших предметов изменена с 50 на 20

[v2.2.3 >> v2.2.4]
[!] - исправлен дюп со снятием предмета на ставках

[v2.2.3 >> v2.3.0]
[!] - добавил разные типы бд
[!] - переструктурировал код бд
[!] - убрал комментарии от гпт в GuiDatas, т.к. лень было самому его писать и я закинул в гпт

[v2.3.0 >> v2.4.0]
[!] - добавил разные типы коммуникации
[!] - переструктурировал код коммуникаций

[v2.4.0 >> v3.0.0]
[!] - добавил конфигурации под все менюшки (слоты сделал только в main, хочешь менять слоты >> source code)
[!] - сделал оптимизацию бд-запросов, теперь получается только та страница, которая сейчас открыта, а не все предметы сразу

[v3.0.0 >> v3.1.0]
    / сделал API для ивентов аукциона: создаете класс, даете ему аннотацию @Subscribed, потом регистрируете его в мейн
[!] | классе плагина через LiteAuction.getEventManager().register([плагин (this)], [ваш листенер]);
    \ после этого доблавляете в класс листенера функции в формате public void (? extends Event), даете аннотацию @Subscribe.

[v3.1.0 >> v3.1.1]
[!] - исправил категории в мейн меню и исправил кнопки сортировки и категорий на ставках

[v3.1.1 >> v3.1.2]
[!] - добавил в PostMarketCompileEvent данные о менюшке (Main extends AbstractMenu)

[v3.1.2 >> v3.1.3]
[!] - удалил остаток кода антиавтобая в менюшке

[v3.1.3 >> v3.1.4]
[!] - добавлен ивент добавления предмета в меню

[v3.1.4 >> v3.1.5]
[!] - исправлен баг что при НЕ отмене ивента предмет не покупался

[v3.1.5 >> v3.1.6]
[!] - исправлен баг, что если не добавить %item%, то предмет вылезет в конце сообщения

[v3.1.6 >> v3.2.0]
[!] - переписан NMS на рефлекцию, теперь плагин должен поддерживать не только 1.16.5
[!] - добавлено basehead-[текстура] для материалов в конфигурации
[!] - переписан ContainerUtil с NMS на Bukkit API
[!] - в софтдепенды добавлен PlaceholderAPI
[!] - если нет PlaceholderAPI то ошибка в консоль не кидается
[!] - по дефолту теперь локальные методы коммуникации
[!] - исправил что settings.lifetime ничего не меняли
[!] - исправил что settings.sell-only-empty-shulkers ничего не менял
[!] - удалил из мейн меню аукциона настройку слотов, она бесполезная, а в ставки добавлять мне лень. кидайте пул реквест.

[v3.2.0 >> v3.2.1]
[!] - исправлена ошибка что аукцион не открывался

[v3.2.1 >> v3.2.2]
[!] - добавлена возможность выключать ставки в settings.enable-bids

[v3.2.2 >> v3.3.0]
[!] - все менюшки и команды переведены в асинхрон и больше не занимают мейн среду

[v3.3.0 >> v3.4.0]
[!] - добавлено /ah hist как и на лайте

[v3.4.0 >> v3.4.1]
[!] - исправлен баг что при закрытии меню предметов на продаже мейн меню открывалось дважды

[v3.4.1 >> v3.4.2]
[!] - исправлен баг с асинхронным закрытием инвентаря в CountBuyItem